{"C:\\Users\\syerafi\\meal-app\\src\\App.vue": {"path":"C:\\Users\\syerafi\\meal-app\\src\\App.vue","statementMap":{"0":{"start":{"line":10,"column":0},"end":{"line":10,"column":null}},"1":{"start":{"line":11,"column":0},"end":{"line":11,"column":null}}},"fnMap":{},"branchMap":{},"s":{"0":1,"1":1},"f":{},"b":{}}
,"C:\\Users\\syerafi\\meal-app\\src\\components\\ErrorPage.vue": {"path":"C:\\Users\\syerafi\\meal-app\\src\\components\\ErrorPage.vue","statementMap":{"0":{"start":{"line":18,"column":0},"end":{"line":18,"column":null}}},"fnMap":{"0":{"name":"(anonymous_1)","decl":{"start":{"line":17,"column":0},"end":{"line":17,"column":null}},"loc":{"start":{"line":17,"column":0},"end":{"line":19,"column":null}}}},"branchMap":{},"s":{"0":1},"f":{"0":1},"b":{}}
,"C:\\Users\\syerafi\\meal-app\\src\\components\\MealCard.vue": {"path":"C:\\Users\\syerafi\\meal-app\\src\\components\\MealCard.vue","statementMap":{"0":{"start":{"line":46,"column":0},"end":{"line":46,"column":null}}},"fnMap":{"0":{"name":"(anonymous_1)","decl":{"start":{"line":45,"column":0},"end":{"line":45,"column":null}},"loc":{"start":{"line":45,"column":0},"end":{"line":47,"column":null}}}},"branchMap":{},"s":{"0":1},"f":{"0":1},"b":{}}
,"C:\\Users\\syerafi\\meal-app\\src\\components\\MealDetails.vue": {"path":"C:\\Users\\syerafi\\meal-app\\src\\components\\MealDetails.vue","statementMap":{"0":{"start":{"line":68,"column":0},"end":{"line":68,"column":null}},"1":{"start":{"line":69,"column":0},"end":{"line":69,"column":null}},"2":{"start":{"line":78,"column":0},"end":{"line":78,"column":null}},"3":{"start":{"line":90,"column":0},"end":{"line":90,"column":null}},"4":{"start":{"line":95,"column":0},"end":{"line":95,"column":null}},"5":{"start":{"line":96,"column":0},"end":{"line":100,"column":null}},"6":{"start":{"line":97,"column":0},"end":{"line":97,"column":null}},"7":{"start":{"line":99,"column":0},"end":{"line":99,"column":null}},"8":{"start":{"line":102,"column":0},"end":{"line":102,"column":null}}},"fnMap":{"0":{"name":"(anonymous_1)","decl":{"start":{"line":77,"column":0},"end":{"line":77,"column":null}},"loc":{"start":{"line":77,"column":0},"end":{"line":82,"column":null}}},"1":{"name":"(anonymous_2)","decl":{"start":{"line":89,"column":0},"end":{"line":89,"column":null}},"loc":{"start":{"line":89,"column":0},"end":{"line":91,"column":null}}},"2":{"name":"(anonymous_3)","decl":{"start":{"line":94,"column":0},"end":{"line":94,"column":null}},"loc":{"start":{"line":94,"column":0},"end":{"line":103,"column":null}}}},"branchMap":{},"s":{"0":3,"1":3,"2":3,"3":3,"4":4,"5":4,"6":4,"7":0,"8":4},"f":{"0":3,"1":3,"2":4},"b":{}}
,"C:\\Users\\syerafi\\meal-app\\src\\components\\Search.vue": {"path":"C:\\Users\\syerafi\\meal-app\\src\\components\\Search.vue","statementMap":{"0":{"start":{"line":42,"column":0},"end":{"line":42,"column":null}},"1":{"start":{"line":43,"column":0},"end":{"line":43,"column":null}},"2":{"start":{"line":51,"column":0},"end":{"line":51,"column":null}},"3":{"start":{"line":65,"column":0},"end":{"line":75,"column":null}},"4":{"start":{"line":66,"column":0},"end":{"line":66,"column":null}},"5":{"start":{"line":67,"column":0},"end":{"line":71,"column":null}},"6":{"start":{"line":68,"column":0},"end":{"line":68,"column":null}},"7":{"start":{"line":70,"column":0},"end":{"line":70,"column":null}},"8":{"start":{"line":72,"column":0},"end":{"line":72,"column":null}},"9":{"start":{"line":73,"column":0},"end":{"line":73,"column":null}},"10":{"start":{"line":74,"column":0},"end":{"line":74,"column":null}}},"fnMap":{"0":{"name":"(anonymous_1)","decl":{"start":{"line":50,"column":0},"end":{"line":50,"column":null}},"loc":{"start":{"line":50,"column":0},"end":{"line":57,"column":null}}},"1":{"name":"(anonymous_2)","decl":{"start":{"line":64,"column":0},"end":{"line":64,"column":null}},"loc":{"start":{"line":64,"column":0},"end":{"line":76,"column":null}}}},"branchMap":{"0":{"loc":{"start":{"line":65,"column":0},"end":{"line":75,"column":null}},"type":"if","locations":[{"start":{"line":65,"column":0},"end":{"line":75,"column":null}},{"start":{"line":65,"column":0},"end":{"line":75,"column":null}}]}},"s":{"0":3,"1":3,"2":3,"3":1,"4":1,"5":1,"6":1,"7":0,"8":1,"9":1,"10":1},"f":{"0":3,"1":1},"b":{"0":[1,0]}}
,"C:\\Users\\syerafi\\meal-app\\src\\router\\index.js": {"path":"C:\\Users\\syerafi\\meal-app\\src\\router\\index.js","statementMap":{"0":{"start":{"line":10,"column":0},"end":{"line":10,"column":18}},"1":{"start":{"line":12,"column":15},"end":{"line":44,"column":1}},"2":{"start":{"line":46,"column":15},"end":{"line":50,"column":2}}},"fnMap":{},"branchMap":{},"s":{"0":2,"1":2,"2":2},"f":{},"b":{},"_coverageSchema":"43e27e138ebf9cfc5966b082cf9a028302ed4184","hash":"714bd02c69d55dd815215b3e5a9429cd7c54c85a"}
,"C:\\Users\\syerafi\\meal-app\\src\\service\\axiosConfig.js": {"path":"C:\\Users\\syerafi\\meal-app\\src\\service\\axiosConfig.js","statementMap":{"0":{"start":{"line":4,"column":15},"end":{"line":4,"column":56}},"1":{"start":{"line":5,"column":22},"end":{"line":12,"column":2}}},"fnMap":{},"branchMap":{},"s":{"0":0,"1":0},"f":{},"b":{},"hash":"8fd95dde36b7e7d94a36de44bd20815323785689"}
,"C:\\Users\\syerafi\\meal-app\\src\\service\\service.js": {"path":"C:\\Users\\syerafi\\meal-app\\src\\service\\service.js","statementMap":{"0":{"start":{"line":4,"column":4},"end":{"line":4,"column":44}},"1":{"start":{"line":8,"column":4},"end":{"line":8,"column":52}},"2":{"start":{"line":12,"column":4},"end":{"line":12,"column":61}}},"fnMap":{"0":{"name":"getRandomMealService","decl":{"start":{"line":3,"column":9},"end":{"line":3,"column":29}},"loc":{"start":{"line":3,"column":31},"end":{"line":5,"column":1}},"line":3},"1":{"name":"getMealDetailsByIdService","decl":{"start":{"line":7,"column":9},"end":{"line":7,"column":34}},"loc":{"start":{"line":7,"column":38},"end":{"line":9,"column":1}},"line":7},"2":{"name":"getSearchResultsService","decl":{"start":{"line":11,"column":9},"end":{"line":11,"column":32}},"loc":{"start":{"line":11,"column":45},"end":{"line":13,"column":1}},"line":11}},"branchMap":{},"s":{"0":1,"1":1,"2":1},"f":{"0":1,"1":1,"2":1},"b":{},"_coverageSchema":"43e27e138ebf9cfc5966b082cf9a028302ed4184","hash":"845eb3a1533d258a254049ca2807dd089ed17cf5"}
,"C:\\Users\\syerafi\\meal-app\\src\\store\\actions.js": {"path":"C:\\Users\\syerafi\\meal-app\\src\\store\\actions.js","statementMap":{"0":{"start":{"line":5,"column":8},"end":{"line":11,"column":9}},"1":{"start":{"line":6,"column":29},"end":{"line":6,"column":57}},"2":{"start":{"line":7,"column":12},"end":{"line":7,"column":65}},"3":{"start":{"line":9,"column":12},"end":{"line":9,"column":39}},"4":{"start":{"line":10,"column":12},"end":{"line":10,"column":24}},"5":{"start":{"line":15,"column":8},"end":{"line":21,"column":9}},"6":{"start":{"line":16,"column":29},"end":{"line":16,"column":64}},"7":{"start":{"line":17,"column":12},"end":{"line":17,"column":70}},"8":{"start":{"line":19,"column":12},"end":{"line":19,"column":39}},"9":{"start":{"line":20,"column":12},"end":{"line":20,"column":24}},"10":{"start":{"line":25,"column":8},"end":{"line":31,"column":9}},"11":{"start":{"line":26,"column":29},"end":{"line":26,"column":71}},"12":{"start":{"line":27,"column":12},"end":{"line":27,"column":68}},"13":{"start":{"line":29,"column":12},"end":{"line":29,"column":39}},"14":{"start":{"line":30,"column":12},"end":{"line":30,"column":24}}},"fnMap":{"0":{"name":"(anonymous_0)","decl":{"start":{"line":4,"column":4},"end":{"line":4,"column":5}},"loc":{"start":{"line":4,"column":32},"end":{"line":12,"column":5}},"line":4},"1":{"name":"(anonymous_1)","decl":{"start":{"line":14,"column":4},"end":{"line":14,"column":5}},"loc":{"start":{"line":14,"column":41},"end":{"line":22,"column":5}},"line":14},"2":{"name":"(anonymous_2)","decl":{"start":{"line":24,"column":4},"end":{"line":24,"column":5}},"loc":{"start":{"line":24,"column":48},"end":{"line":32,"column":5}},"line":24}},"branchMap":{},"s":{"0":2,"1":2,"2":1,"3":1,"4":1,"5":2,"6":2,"7":1,"8":1,"9":1,"10":2,"11":2,"12":1,"13":1,"14":1},"f":{"0":2,"1":2,"2":2},"b":{},"_coverageSchema":"43e27e138ebf9cfc5966b082cf9a028302ed4184","hash":"a9ab800132d87a80f967a847cee92d1bad9a4bd8"}
,"C:\\Users\\syerafi\\meal-app\\src\\store\\getters.js": {"path":"C:\\Users\\syerafi\\meal-app\\src\\store\\getters.js","statementMap":{"0":{"start":{"line":3,"column":32},"end":{"line":3,"column":34}},"1":{"start":{"line":4,"column":29},"end":{"line":4,"column":31}},"2":{"start":{"line":5,"column":44},"end":{"line":5,"column":46}},"3":{"start":{"line":7,"column":31},"end":{"line":7,"column":64}},"4":{"start":{"line":8,"column":8},"end":{"line":16,"column":11}},"5":{"start":{"line":9,"column":33},"end":{"line":9,"column":39}},"6":{"start":{"line":10,"column":12},"end":{"line":15,"column":13}},"7":{"start":{"line":11,"column":16},"end":{"line":11,"column":44}},"8":{"start":{"line":13,"column":17},"end":{"line":15,"column":13}},"9":{"start":{"line":14,"column":16},"end":{"line":14,"column":41}},"10":{"start":{"line":18,"column":8},"end":{"line":24,"column":10}},"11":{"start":{"line":19,"column":12},"end":{"line":23,"column":15}},"12":{"start":{"line":26,"column":8},"end":{"line":26,"column":43}},"13":{"start":{"line":32,"column":8},"end":{"line":32,"column":74}}},"fnMap":{"0":{"name":"(anonymous_0)","decl":{"start":{"line":2,"column":4},"end":{"line":2,"column":5}},"loc":{"start":{"line":2,"column":25},"end":{"line":29,"column":5}},"line":2},"1":{"name":"(anonymous_1)","decl":{"start":{"line":8,"column":31},"end":{"line":8,"column":32}},"loc":{"start":{"line":8,"column":43},"end":{"line":16,"column":9}},"line":8},"2":{"name":"(anonymous_2)","decl":{"start":{"line":18,"column":32},"end":{"line":18,"column":33}},"loc":{"start":{"line":18,"column":48},"end":{"line":24,"column":9}},"line":18},"3":{"name":"(anonymous_3)","decl":{"start":{"line":31,"column":4},"end":{"line":31,"column":5}},"loc":{"start":{"line":31,"column":25},"end":{"line":33,"column":5}},"line":31}},"branchMap":{"0":{"loc":{"start":{"line":10,"column":12},"end":{"line":15,"column":13}},"type":"if","locations":[{"start":{"line":10,"column":12},"end":{"line":15,"column":13}},{"start":{"line":10,"column":12},"end":{"line":15,"column":13}}],"line":10},"1":{"loc":{"start":{"line":10,"column":15},"end":{"line":10,"column":85}},"type":"binary-expr","locations":[{"start":{"line":10,"column":15},"end":{"line":10,"column":44}},{"start":{"line":10,"column":48},"end":{"line":10,"column":62}},{"start":{"line":10,"column":66},"end":{"line":10,"column":85}}],"line":10},"2":{"loc":{"start":{"line":13,"column":17},"end":{"line":15,"column":13}},"type":"if","locations":[{"start":{"line":13,"column":17},"end":{"line":15,"column":13}},{"start":{"line":13,"column":17},"end":{"line":15,"column":13}}],"line":13},"3":{"loc":{"start":{"line":13,"column":20},"end":{"line":13,"column":87}},"type":"binary-expr","locations":[{"start":{"line":13,"column":20},"end":{"line":13,"column":46}},{"start":{"line":13,"column":50},"end":{"line":13,"column":64}},{"start":{"line":13,"column":68},"end":{"line":13,"column":87}}],"line":13}},"s":{"0":1,"1":1,"2":1,"3":1,"4":1,"5":14,"6":14,"7":2,"8":12,"9":2,"10":1,"11":2,"12":1,"13":1},"f":{"0":1,"1":14,"2":2,"3":1},"b":{"0":[2,12],"1":[14,4,4],"2":[2,10],"3":[12,4,4]},"_coverageSchema":"43e27e138ebf9cfc5966b082cf9a028302ed4184","hash":"46817911f17643895c68779b22b503ee2fca5d0a"}
,"C:\\Users\\syerafi\\meal-app\\src\\store\\index.js": {"path":"C:\\Users\\syerafi\\meal-app\\src\\store\\index.js","statementMap":{"0":{"start":{"line":7,"column":0},"end":{"line":7,"column":13}}},"fnMap":{},"branchMap":{},"s":{"0":0},"f":{},"b":{},"hash":"cdc1d884f64296718b4941855fc7e306a15c3f88"}
,"C:\\Users\\syerafi\\meal-app\\src\\store\\mutations.js": {"path":"C:\\Users\\syerafi\\meal-app\\src\\store\\mutations.js","statementMap":{"0":{"start":{"line":3,"column":29},"end":{"line":3,"column":36}},"1":{"start":{"line":4,"column":8},"end":{"line":4,"column":38}},"2":{"start":{"line":7,"column":30},"end":{"line":7,"column":37}},"3":{"start":{"line":8,"column":8},"end":{"line":8,"column":40}},"4":{"start":{"line":12,"column":8},"end":{"line":12,"column":38}}},"fnMap":{"0":{"name":"(anonymous_0)","decl":{"start":{"line":2,"column":4},"end":{"line":2,"column":5}},"loc":{"start":{"line":2,"column":33},"end":{"line":5,"column":5}},"line":2},"1":{"name":"(anonymous_1)","decl":{"start":{"line":6,"column":4},"end":{"line":6,"column":5}},"loc":{"start":{"line":6,"column":38},"end":{"line":9,"column":5}},"line":6},"2":{"name":"(anonymous_2)","decl":{"start":{"line":11,"column":4},"end":{"line":11,"column":5}},"loc":{"start":{"line":11,"column":36},"end":{"line":13,"column":5}},"line":11}},"branchMap":{},"s":{"0":1,"1":1,"2":1,"3":1,"4":1},"f":{"0":1,"1":1,"2":1},"b":{},"_coverageSchema":"43e27e138ebf9cfc5966b082cf9a028302ed4184","hash":"df46f19296473e5540df251f7b252623a5bce4ce"}
,"C:\\Users\\syerafi\\meal-app\\src\\views\\Home.vue": {"path":"C:\\Users\\syerafi\\meal-app\\src\\views\\Home.vue","statementMap":{"0":{"start":{"line":22,"column":0},"end":{"line":22,"column":null}},"1":{"start":{"line":23,"column":0},"end":{"line":23,"column":null}},"2":{"start":{"line":24,"column":0},"end":{"line":24,"column":null}},"3":{"start":{"line":34,"column":0},"end":{"line":34,"column":null}},"4":{"start":{"line":44,"column":0},"end":{"line":44,"column":null}},"5":{"start":{"line":49,"column":0},"end":{"line":49,"column":null}},"6":{"start":{"line":51,"column":0},"end":{"line":55,"column":null}},"7":{"start":{"line":52,"column":0},"end":{"line":52,"column":null}},"8":{"start":{"line":54,"column":0},"end":{"line":54,"column":null}},"9":{"start":{"line":56,"column":0},"end":{"line":56,"column":null}}},"fnMap":{"0":{"name":"(anonymous_1)","decl":{"start":{"line":33,"column":0},"end":{"line":33,"column":null}},"loc":{"start":{"line":33,"column":0},"end":{"line":38,"column":null}}},"1":{"name":"(anonymous_2)","decl":{"start":{"line":43,"column":0},"end":{"line":43,"column":null}},"loc":{"start":{"line":43,"column":0},"end":{"line":45,"column":null}}},"2":{"name":"(anonymous_3)","decl":{"start":{"line":48,"column":0},"end":{"line":48,"column":null}},"loc":{"start":{"line":48,"column":0},"end":{"line":57,"column":null}}}},"branchMap":{},"s":{"0":3,"1":3,"2":3,"3":3,"4":3,"5":4,"6":4,"7":4,"8":0,"9":4},"f":{"0":3,"1":3,"2":4},"b":{}}
}
