TN:
SF:C:\Users\syerafi\meal-app\src\App.vue
FNF:0
FNH:0
DA:10,1
DA:11,1
LF:2
LH:2
BRF:0
BRH:0
end_of_record
TN:
SF:C:\Users\syerafi\meal-app\src\components\ErrorPage.vue
FN:17,(anonymous_1)
FNF:1
FNH:1
FNDA:1,(anonymous_1)
DA:18,1
LF:1
LH:1
BRF:0
BRH:0
end_of_record
TN:
SF:C:\Users\syerafi\meal-app\src\components\MealCard.vue
FN:45,(anonymous_1)
FNF:1
FNH:1
FNDA:1,(anonymous_1)
DA:46,1
LF:1
LH:1
BRF:0
BRH:0
end_of_record
TN:
SF:C:\Users\syerafi\meal-app\src\components\MealDetails.vue
FN:77,(anonymous_1)
FN:89,(anonymous_2)
FN:94,(anonymous_3)
FNF:3
FNH:3
FNDA:3,(anonymous_1)
FNDA:3,(anonymous_2)
FNDA:4,(anonymous_3)
DA:68,3
DA:69,3
DA:78,3
DA:90,3
DA:95,4
DA:96,4
DA:97,4
DA:99,0
DA:102,4
LF:9
LH:8
BRF:0
BRH:0
end_of_record
TN:
SF:C:\Users\syerafi\meal-app\src\components\Search.vue
FN:50,(anonymous_1)
FN:64,(anonymous_2)
FNF:2
FNH:2
FNDA:3,(anonymous_1)
FNDA:1,(anonymous_2)
DA:42,3
DA:43,3
DA:51,3
DA:65,1
DA:66,1
DA:67,1
DA:68,1
DA:70,0
DA:72,1
DA:73,1
DA:74,1
LF:11
LH:10
BRDA:65,0,0,1
BRDA:65,0,1,0
BRF:2
BRH:1
end_of_record
TN:
SF:C:\Users\syerafi\meal-app\src\router\index.js
FNF:0
FNH:0
DA:10,2
DA:12,2
DA:46,2
LF:3
LH:3
BRF:0
BRH:0
end_of_record
TN:
SF:C:\Users\syerafi\meal-app\src\service\axiosConfig.js
FNF:0
FNH:0
DA:4,0
DA:5,0
LF:2
LH:0
BRF:0
BRH:0
end_of_record
TN:
SF:C:\Users\syerafi\meal-app\src\service\service.js
FN:3,getRandomMealService
FN:7,getMealDetailsByIdService
FN:11,getSearchResultsService
FNF:3
FNH:3
FNDA:1,getRandomMealService
FNDA:1,getMealDetailsByIdService
FNDA:1,getSearchResultsService
DA:4,1
DA:8,1
DA:12,1
LF:3
LH:3
BRF:0
BRH:0
end_of_record
TN:
SF:C:\Users\syerafi\meal-app\src\store\actions.js
FN:4,(anonymous_0)
FN:14,(anonymous_1)
FN:24,(anonymous_2)
FNF:3
FNH:3
FNDA:2,(anonymous_0)
FNDA:2,(anonymous_1)
FNDA:2,(anonymous_2)
DA:5,2
DA:6,2
DA:7,1
DA:9,1
DA:10,1
DA:15,2
DA:16,2
DA:17,1
DA:19,1
DA:20,1
DA:25,2
DA:26,2
DA:27,1
DA:29,1
DA:30,1
LF:15
LH:15
BRF:0
BRH:0
end_of_record
TN:
SF:C:\Users\syerafi\meal-app\src\store\getters.js
FN:2,(anonymous_0)
FN:8,(anonymous_1)
FN:18,(anonymous_2)
FN:31,(anonymous_3)
FNF:4
FNH:4
FNDA:1,(anonymous_0)
FNDA:14,(anonymous_1)
FNDA:2,(anonymous_2)
FNDA:1,(anonymous_3)
DA:3,1
DA:4,1
DA:5,1
DA:7,1
DA:8,1
DA:9,14
DA:10,14
DA:11,2
DA:13,12
DA:14,2
DA:18,1
DA:19,2
DA:26,1
DA:32,1
LF:14
LH:14
BRDA:10,0,0,2
BRDA:10,0,1,12
BRDA:10,1,0,14
BRDA:10,1,1,4
BRDA:10,1,2,4
BRDA:13,2,0,2
BRDA:13,2,1,10
BRDA:13,3,0,12
BRDA:13,3,1,4
BRDA:13,3,2,4
BRF:10
BRH:10
end_of_record
TN:
SF:C:\Users\syerafi\meal-app\src\store\index.js
FNF:0
FNH:0
DA:7,0
LF:1
LH:0
BRF:0
BRH:0
end_of_record
TN:
SF:C:\Users\syerafi\meal-app\src\store\mutations.js
FN:2,(anonymous_0)
FN:6,(anonymous_1)
FN:11,(anonymous_2)
FNF:3
FNH:3
FNDA:1,(anonymous_0)
FNDA:1,(anonymous_1)
FNDA:1,(anonymous_2)
DA:3,1
DA:4,1
DA:7,1
DA:8,1
DA:12,1
LF:5
LH:5
BRF:0
BRH:0
end_of_record
TN:
SF:C:\Users\syerafi\meal-app\src\views\Home.vue
FN:33,(anonymous_1)
FN:43,(anonymous_2)
FN:48,(anonymous_3)
FNF:3
FNH:3
FNDA:3,(anonymous_1)
FNDA:3,(anonymous_2)
FNDA:4,(anonymous_3)
DA:22,3
DA:23,3
DA:24,3
DA:34,3
DA:44,3
DA:49,4
DA:51,4
DA:52,4
DA:54,0
DA:56,4
LF:10
LH:9
BRF:0
BRH:0
end_of_record
